This file contains any messages produced by compilers while
running configure, to aid debugging if configure makes a mistake.

It was created by BCFtools configure 1.12, which was
generated by GNU Autoconf 2.69.  Invocation command line was

  $ ./configure --prefix= /home/bacteriologie/Desktop/pipeline/depend/bcftools-1.12

## --------- ##
## Platform. ##
## --------- ##

hostname = MPPR-M2ISH-056
uname -m = x86_64
uname -r = 5.4.0-77-generic
uname -s = Linux
uname -v = #86-Ubuntu SMP Thu Jun 17 02:35:03 UTC 2021

/usr/bin/uname -p = unknown
/bin/uname -X     = unknown

/bin/arch              = unknown
/usr/bin/arch -k       = unknown
/usr/convex/getsysinfo = unknown
/usr/bin/hostinfo      = unknown
/bin/machine           = unknown
/usr/bin/oslevel       = unknown
/bin/universe          = unknown

PATH: /home/bacteriologie/miniconda3/bin
PATH: /home/bacteriologie/miniconda3/condabin
PATH: /usr/local/go/bin
PATH: /home/bacteriologie/bin
PATH: /home/bacteriologie/.local/bin
PATH: /usr/local/sbin
PATH: /usr/local/bin
PATH: /usr/sbin
PATH: /usr/bin
PATH: /sbin
PATH: /bin
PATH: /usr/games
PATH: /usr/local/games
PATH: /snap/bin
PATH: /home/bacteriologie/go/bin


## ----------- ##
## Core tests. ##
## ----------- ##

configure:1970: checking for /home/bacteriologie/Desktop/pipeline/depend/bcftools-1.12-gcc
configure:2000: result: no
configure:2010: checking for gcc
configure:2026: found /usr/bin/gcc
configure:2037: result: gcc
configure:2266: checking for C compiler version
configure:2275: gcc --version >&5
gcc (Ubuntu 9.3.0-17ubuntu1~20.04) 9.3.0
Copyright (C) 2019 Free Software Foundation, Inc.
This is free software; see the source for copying conditions.  There is NO
warranty; not even for MERCHANTABILITY or FITNESS FOR A PARTICULAR PURPOSE.

configure:2286: $? = 0
configure:2275: gcc -v >&5
Using built-in specs.
COLLECT_GCC=gcc
COLLECT_LTO_WRAPPER=/usr/lib/gcc/x86_64-linux-gnu/9/lto-wrapper
OFFLOAD_TARGET_NAMES=nvptx-none:hsa
OFFLOAD_TARGET_DEFAULT=1
Target: x86_64-linux-gnu
Configured with: ../src/configure -v --with-pkgversion='Ubuntu 9.3.0-17ubuntu1~20.04' --with-bugurl=file:///usr/share/doc/gcc-9/README.Bugs --enable-languages=c,ada,c++,go,brig,d,fortran,objc,obj-c++,gm2 --prefix=/usr --with-gcc-major-version-only --program-suffix=-9 --program-prefix=x86_64-linux-gnu- --enable-shared --enable-linker-build-id --libexecdir=/usr/lib --without-included-gettext --enable-threads=posix --libdir=/usr/lib --enable-nls --enable-clocale=gnu --enable-libstdcxx-debug --enable-libstdcxx-time=yes --with-default-libstdcxx-abi=new --enable-gnu-unique-object --disable-vtable-verify --enable-plugin --enable-default-pie --with-system-zlib --with-target-system-zlib=auto --enable-objc-gc=auto --enable-multiarch --disable-werror --with-arch-32=i686 --with-abi=m64 --with-multilib-list=m32,m64,mx32 --enable-multilib --with-tune=generic --enable-offload-targets=nvptx-none=/build/gcc-9-HskZEa/gcc-9-9.3.0/debian/tmp-nvptx/usr,hsa --without-cuda-driver --enable-checking=release --build=x86_64-linux-gnu --host=x86_64-linux-gnu --target=x86_64-linux-gnu
Thread model: posix
gcc version 9.3.0 (Ubuntu 9.3.0-17ubuntu1~20.04) 
configure:2286: $? = 0
configure:2275: gcc -V >&5
gcc: error: unrecognized command line option '-V'
gcc: fatal error: no input files
compilation terminated.
configure:2286: $? = 1
configure:2275: gcc -qversion >&5
gcc: error: unrecognized command line option '-qversion'; did you mean '--version'?
gcc: fatal error: no input files
compilation terminated.
configure:2286: $? = 1
configure:2306: checking whether the C compiler works
configure:2328: gcc    conftest.c  >&5
configure:2332: $? = 0
configure:2380: result: yes
configure:2383: checking for C compiler default output file name
configure:2385: result: a.out
configure:2391: checking for suffix of executables
configure:2398: gcc -o conftest    conftest.c  >&5
configure:2402: $? = 0
configure:2424: result: 
configure:2446: checking whether we are cross compiling
configure:2454: gcc -o conftest    conftest.c  >&5
configure:2458: $? = 0
configure:2465: ./conftest
configure:2469: $? = 0
configure:2457: result: no
configure:2462: checking for suffix of object files
configure:2484: gcc -c   conftest.c >&5
configure:2488: $? = 0
configure:2509: result: o
configure:2513: checking whether we are using the GNU C compiler
configure:2532: gcc -c   conftest.c >&5
configure:2532: $? = 0
configure:2541: result: yes
configure:2550: checking whether gcc accepts -g
configure:2570: gcc -c -g  conftest.c >&5
configure:2570: $? = 0
configure:2611: result: yes
configure:2628: checking for gcc option to accept ISO C89
configure:2691: gcc  -c -g -O2  conftest.c >&5
configure:2691: $? = 0
configure:2704: result: none needed
configure:2725: checking for grep that handles long lines and -e
configure:2783: result: /bin/grep
configure:2808: checking for C compiler warning flags
configure:2921: result: -Wall
configure:3014: checking for special C compiler options needed for large files
configure:3059: result: no
configure:3065: checking for _FILE_OFFSET_BITS value needed for large files
configure:3090: gcc -c  -Wall -g -O2  conftest.c >&5
configure:3090: $? = 0
configure:3122: result: no
configure:3324: checking location of HTSlib source tree
configure:3345: result: htslib-1.12
configure:3530: checking shared library type
configure:3560: result: plain .so
configure:3576: checking for library containing dlopen
configure:3607: gcc -o conftest  -Wall -g -O2   conftest.c  >&5
/usr/bin/ld: /tmp/ccmKeXad.o: in function `main':
/home/bacteriologie/Desktop/pipeline/depend/bcftools-1.12/conftest.c:22: undefined reference to `dlopen'
collect2: error: ld returned 1 exit status
configure:3607: $? = 1
configure: failed program was:
| /* confdefs.h */
| #define PACKAGE_NAME "BCFtools"
| #define PACKAGE_TARNAME "bcftools"
| #define PACKAGE_VERSION "1.12"
| #define PACKAGE_STRING "BCFtools 1.12"
| #define PACKAGE_BUGREPORT "samtools-help@lists.sourceforge.net"
| #define PACKAGE_URL "http://www.htslib.org/"
| #define PLUGIN_EXT ".so"
| #define ENABLE_BCF_PLUGINS 1
| /* end confdefs.h.  */
| 
| /* Override any GCC internal prototype to avoid an error.
|    Use char because int might match the return type of a GCC
|    builtin and then its argument prototype would still apply.  */
| #ifdef __cplusplus
| extern "C"
| #endif
| char dlopen ();
| int
| main ()
| {
| return dlopen ();
|   ;
|   return 0;
| }
configure:3607: gcc -o conftest  -Wall -g -O2   conftest.c -ldl   >&5
configure:3607: $? = 0
configure:3624: result: -ldl
configure:3703: checking if the compiler accepts -rdynamic
configure:3718: gcc -o conftest  -Wall -g -O2 -rdynamic   conftest.c -ldl  >&5
configure:3718: $? = 0
configure:3726: result: yes
configure:3738: checking for zlib.h
configure:3738: gcc -c  -Wall -g -O2  conftest.c >&5
configure:3738: $? = 0
configure:3738: result: yes
configure:3747: checking for inflate in -lz
configure:3772: gcc -o conftest  -Wall -g -O2   conftest.c -lz  -ldl  >&5
configure:3772: $? = 0
configure:3781: result: yes
configure:4080: checking for library containing regcomp
configure:4111: gcc -o conftest  -Wall -g -O2   conftest.c -ldl  >&5
configure:4111: $? = 0
configure:4128: result: none required
configure:4258: creating ./config.status

## ---------------------- ##
## Running config.status. ##
## ---------------------- ##

This file was extended by BCFtools config.status 1.12, which was
generated by GNU Autoconf 2.69.  Invocation command line was

  CONFIG_FILES    = 
  CONFIG_HEADERS  = 
  CONFIG_LINKS    = 
  CONFIG_COMMANDS = 
  $ ./config.status 

on MPPR-M2ISH-056

config.status:804: creating config.mk
config.status:804: creating config.h
config.status:974: config.h is unchanged
configure:5483: === configuring in htslib-1.12 (/home/bacteriologie/Desktop/pipeline/depend/bcftools-1.12/htslib-1.12)
configure:5546: running /bin/bash ./configure --disable-option-checking '--prefix='  '/home/bacteriologie/Desktop/pipeline/depend/bcftools-1.12' 'build_alias=/home/bacteriologie/Desktop/pipeline/depend/bcftools-1.12' 'host_alias=/home/bacteriologie/Desktop/pipeline/depend/bcftools-1.12' 'target_alias=/home/bacteriologie/Desktop/pipeline/depend/bcftools-1.12' --cache-file=/dev/null --srcdir=.

## ---------------- ##
## Cache variables. ##
## ---------------- ##

ac_cv_c_compiler_gnu=yes
ac_cv_env_CC_set=
ac_cv_env_CC_value=
ac_cv_env_CFLAGS_set=
ac_cv_env_CFLAGS_value=
ac_cv_env_CPPFLAGS_set=
ac_cv_env_CPPFLAGS_value=
ac_cv_env_LDFLAGS_set=
ac_cv_env_LDFLAGS_value=
ac_cv_env_LIBS_set=
ac_cv_env_LIBS_value=
ac_cv_env_build_alias_set=set
ac_cv_env_build_alias_value=/home/bacteriologie/Desktop/pipeline/depend/bcftools-1.12
ac_cv_env_host_alias_set=set
ac_cv_env_host_alias_value=/home/bacteriologie/Desktop/pipeline/depend/bcftools-1.12
ac_cv_env_target_alias_set=set
ac_cv_env_target_alias_value=/home/bacteriologie/Desktop/pipeline/depend/bcftools-1.12
ac_cv_header_zlib_h=yes
ac_cv_lib_z_inflate=yes
ac_cv_objext=o
ac_cv_path_GREP=/bin/grep
ac_cv_prog_ac_ct_CC=gcc
ac_cv_prog_cc_c89=
ac_cv_prog_cc_g=yes
ac_cv_search_dlopen=-ldl
ac_cv_search_regcomp='none required'
ac_cv_sys_file_offset_bits=no
ac_cv_sys_largefile_CC=no
ax_cv_htslib=yes
ax_cv_htslib_which=source
hts_cv_prog_cc_warnings=-Wall

## ----------------- ##
## Output variables. ##
## ----------------- ##

CC='gcc'
CC_RDYNAMIC_OPT='-rdynamic'
CFLAGS=' -Wall -g -O2'
CPPFLAGS=''
DEFS='-DHAVE_CONFIG_H'
ECHO_C=''
ECHO_N='-n'
ECHO_T=''
EXEEXT=''
GREP='/bin/grep'
GSL_LIBS=''
HTSDIR='htslib-1.12'
HTSLIB_CPPFLAGS='-Ihtslib-1.12'
HTSLIB_DLL=''
HTSLIB_LDFLAGS='-Lhtslib-1.12'
Hinstall='#'
Hsource=''
LDFLAGS=''
LIBOBJS=''
LIBS='-ldl '
LTLIBOBJS=''
OBJEXT='o'
PACKAGE_BUGREPORT='samtools-help@lists.sourceforge.net'
PACKAGE_NAME='BCFtools'
PACKAGE_STRING='BCFtools 1.12'
PACKAGE_TARNAME='bcftools'
PACKAGE_URL='http://www.htslib.org/'
PACKAGE_VERSION='1.12'
PATH_SEPARATOR=':'
PERL_CCOPTS=''
PERL_LIBS=''
PLATFORM='default'
PLUGIN_EXT='.so'
SHELL='/bin/bash'
USE_GPL=''
ac_ct_CC='gcc'
bcf_plugindir='$(libexecdir)/bcftools'
bcf_pluginpath='$(libexecdir)/bcftools'
bindir='${exec_prefix}/bin'
build_alias='/home/bacteriologie/Desktop/pipeline/depend/bcftools-1.12'
datadir='${datarootdir}'
datarootdir='${prefix}/share'
docdir='${datarootdir}/doc/${PACKAGE_TARNAME}'
dvidir='${docdir}'
enable_bcftools_plugins='yes'
enable_perl_filters='no'
exec_prefix='${prefix}'
host_alias='/home/bacteriologie/Desktop/pipeline/depend/bcftools-1.12'
htmldir='${docdir}'
includedir='${prefix}/include'
infodir='${datarootdir}/info'
libdir='${exec_prefix}/lib'
libexecdir='${exec_prefix}/libexec'
localedir='${datarootdir}/locale'
localstatedir='${prefix}/var'
mandir='${datarootdir}/man'
oldincludedir='/usr/include'
pdfdir='${docdir}'
prefix=''
program_transform_name='s,x,x,'
psdir='${docdir}'
runstatedir='${localstatedir}/run'
sbindir='${exec_prefix}/sbin'
sharedstatedir='${prefix}/com'
subdirs=' htslib-1.12'
sysconfdir='${prefix}/etc'
target_alias='/home/bacteriologie/Desktop/pipeline/depend/bcftools-1.12'

## ----------- ##
## confdefs.h. ##
## ----------- ##

/* confdefs.h */
#define PACKAGE_NAME "BCFtools"
#define PACKAGE_TARNAME "bcftools"
#define PACKAGE_VERSION "1.12"
#define PACKAGE_STRING "BCFtools 1.12"
#define PACKAGE_BUGREPORT "samtools-help@lists.sourceforge.net"
#define PACKAGE_URL "http://www.htslib.org/"
#define PLUGIN_EXT ".so"
#define ENABLE_BCF_PLUGINS 1
#define HAVE_LIBZ 1

configure: exit 0
